<?xml version="1.0" encoding="UTF-8"?>
<testsuite xmlns:xsi="http://www.w3.org/2001/XMLSchema-instance" xsi:noNamespaceSchemaLocation="https://maven.apache.org/surefire/maven-surefire-plugin/xsd/surefire-test-report-3.0.xsd" version="3.0" name="emotionalmaps.EventTest" time="0.032" tests="15" errors="0" skipped="0" failures="0">
  <properties>
[...]
</properties>
  <testcase name="compareTo_earlierEventIsSmaller" classname="emotionalmaps.EventTest" time="0.01"/>
  <testcase name="treeSet_acceptsMultipleEventsOnSameDay" classname="emotionalmaps.EventTest" time="0.001"/>
  <testcase name="setDate_wrongLength_doesNotThrow" classname="emotionalmaps.EventTest" time="0.0">
    <system-err><![CDATA[Date format not supported by the system
]]></system-err>
  </testcase>
  <testcase name="isBefore_symmetricWithIsAfter" classname="emotionalmaps.EventTest" time="0.0"/>
  <testcase name="isAfter_laterYear" classname="emotionalmaps.EventTest" time="0.0"/>
  <testcase name="isAfter_sameDate_returnsFalse" classname="emotionalmaps.EventTest" time="0.0"/>
  <testcase name="isAfter_laterDay_sameMonthYear" classname="emotionalmaps.EventTest" time="0.0"/>
  <testcase name="setDate_valid_parsesCorrectly" classname="emotionalmaps.EventTest" time="0.0"/>
  <testcase name="compareTo_sameDate_returnsPositive_preventsDuplication" classname="emotionalmaps.EventTest" time="0.001"/>
  <testcase name="isBefore_sameDate_returnsFalse" classname="emotionalmaps.EventTest" time="0.001"/>
  <testcase name="isAfter_laterMonth_sameYear" classname="emotionalmaps.EventTest" time="0.001"/>
  <testcase name="setPoi_poi3_coordinates" classname="emotionalmaps.EventTest" time="0.001"/>
  <testcase name="setPoi_poi2_coordinates" classname="emotionalmaps.EventTest" time="0.0"/>
  <testcase name="setPoi_outsideAllPois_isUndefined" classname="emotionalmaps.EventTest" time="0.0"/>
  <testcase name="setPoi_poi1_coordinates" classname="emotionalmaps.EventTest" time="0.0"/>
</testsuite>