<?xml version="1.0" encoding="UTF-8"?>
<testsuite xmlns:xsi="http://www.w3.org/2001/XMLSchema-instance" xsi:noNamespaceSchemaLocation="https://maven.apache.org/surefire/maven-surefire-plugin/xsd/surefire-test-report-3.0.xsd" version="3.0" name="emotionalmaps.StringParserTest" time="0.008" tests="11" errors="0" skipped="0" failures="0">
  <properties>
[...]
</properties>
  <testcase name="parseStringToEvent_extraWhitespace_handled" classname="emotionalmaps.StringParserTest" time="0.002"/>
  <testcase name="cutCommand_createMap_extractsDateRange" classname="emotionalmaps.StringParserTest" time="0.001"/>
  <testcase name="parseStringToEvent_unrecognisedStatus_returnsNull" classname="emotionalmaps.StringParserTest" time="0.0">
    <system-err><![CDATA[Unrecognised event; it will not be added.

]]></system-err>
  </testcase>
  <testcase name="parseStringToEvent_tooFewFields_returnsNull" classname="emotionalmaps.StringParserTest" time="0.001">
    <system-err><![CDATA[Malformed event line (fewer than 6 fields): IN LOGIN 01012021
]]></system-err>
  </testcase>
  <testcase name="cutCommand_unknown_returnsERR" classname="emotionalmaps.StringParserTest" time="0.0">
    <system-err><![CDATA[ERROR: the file contains an unrecognised function: delete_map(foo)
The only recognised functions are import(filename.txt) and create_map(StartDate-EndDate)

]]></system-err>
  </testcase>
  <testcase name="cutCommand_import_extractsFileNameCorrectly" classname="emotionalmaps.StringParserTest" time="0.001"/>
  <testcase name="parseStringToEvent_validLine_returnsEvent" classname="emotionalmaps.StringParserTest" time="0.0"/>
  <testcase name="parseCoordinates_poi1Coords" classname="emotionalmaps.StringParserTest" time="0.0"/>
  <testcase name="parseStringToEvent_outStatus" classname="emotionalmaps.StringParserTest" time="0.0"/>
  <testcase name="parseCoordinates_withSpaces" classname="emotionalmaps.StringParserTest" time="0.0"/>
  <testcase name="parseDateRange_returnsCorrectBounds" classname="emotionalmaps.StringParserTest" time="0.001"/>
</testsuite>